# JRE version: OpenJDK Runtime Environment (16.0.2+7) (build 16.0.2+7-67)
# Java VM: OpenJDK 64-Bit Server VM (16.0.2+7-67, mixed mode, tiered, compressed oops, compressed class ptrs, g1 gc, windows-amd64)
GC Precious Log:
 CPUs: 4 total, 4 available
 Memory: 12081M
 Large Page Support: Disabled
 NUMA Support: Disabled
 Compressed Oops: Enabled (Zero based)
 Heap Region Size: 2M
 Heap Min Capacity: 8M
 Heap Initial Capacity: 190M
 Heap Max Capacity: 3022M
 Pre-touch: Disabled
 Parallel Workers: 4
 Concurrent Workers: 1
 Concurrent Refinement Workers: 4
 Periodic GC: Disabled
Heap:
 garbage-first heap   total 59392K, used 22192K [0x0000000743200000, 0x0000000800000000)
  region size 2048K, 5 young (10240K), 1 survivors (2048K)
 Metaspace       used 52190K, committed 52608K, reserved 1097728K
  class space    used 5768K, committed 5952K, reserved 1048576K
GC Heap History (20 events):
Event: 2.856 GC heap before
{Heap before GC invocations=7 (full 0):
 garbage-first heap   total 45056K, used 30106K [0x0000000743200000, 0x0000000800000000)
  region size 2048K, 12 young (24576K), 1 survivors (2048K)
 Metaspace       used 27457K, committed 27648K, reserved 1081344K
  class space    used 2933K, committed 3008K, reserved 1048576K
}
Event: 2.862 GC heap after
{Heap after GC invocations=8 (full 0):
 garbage-first heap   total 45056K, used 8375K [0x0000000743200000, 0x0000000800000000)
  region size 2048K, 2 young (4096K), 2 survivors (4096K)
 Metaspace       used 27457K, committed 27648K, reserved 1081344K
  class space    used 2933K, committed 3008K, reserved 1048576K
}
Event: 3.443 GC heap before
{Heap before GC invocations=8 (full 0):
 garbage-first heap   total 45056K, used 28855K [0x0000000743200000, 0x0000000800000000)
  region size 2048K, 12 young (24576K), 2 survivors (4096K)
 Metaspace       used 31770K, committed 32000K, reserved 1081344K
  class space    used 3396K, committed 3520K, reserved 1048576K
}
Event: 3.450 GC heap after
{Heap after GC invocations=9 (full 0):
 garbage-first heap   total 120832K, used 8746K [0x0000000743200000, 0x0000000800000000)
  region size 2048K, 1 young (2048K), 1 survivors (2048K)
 Metaspace       used 31770K, committed 32000K, reserved 1081344K
  class space    used 3396K, committed 3520K, reserved 1048576K
}
Event: 4.411 GC heap before
{Heap before GC invocations=9 (full 0):
 garbage-first heap   total 120832K, used 49706K [0x0000000743200000, 0x0000000800000000)
  region size 2048K, 22 young (45056K), 1 survivors (2048K)
 Metaspace       used 35360K, committed 35648K, reserved 1081344K
  class space    used 3851K, committed 4032K, reserved 1048576K
}
Event: 4.421 GC heap after
{Heap after GC invocations=10 (full 0):
 garbage-first heap   total 120832K, used 10587K [0x0000000743200000, 0x0000000800000000)
  region size 2048K, 2 young (4096K), 2 survivors (4096K)
 Metaspace       used 35360K, committed 35648K, reserved 1081344K
  class space    used 3851K, committed 4032K, reserved 1048576K
}
Event: 5.253 GC heap before
{Heap before GC invocations=11 (full 0):
 garbage-first heap   total 49152K, used 35163K [0x0000000743200000, 0x0000000800000000)
  region size 2048K, 14 young (28672K), 2 survivors (4096K)
 Metaspace       used 38274K, committed 38528K, reserved 1089536K
  class space    used 4212K, committed 4352K, reserved 1048576K
}
Event: 5.262 GC heap after
{Heap after GC invocations=12 (full 0):
 garbage-first heap   total 49152K, used 11861K [0x0000000743200000, 0x0000000800000000)
  region size 2048K, 2 young (4096K), 2 survivors (4096K)
 Metaspace       used 38274K, committed 38528K, reserved 1089536K
  class space    used 4212K, committed 4352K, reserved 1048576K
}
Event: 5.666 GC heap before
{Heap before GC invocations=12 (full 0):
 garbage-first heap   total 49152K, used 34389K [0x0000000743200000, 0x0000000800000000)
  region size 2048K, 13 young (26624K), 2 survivors (4096K)
 Metaspace       used 41080K, committed 41344K, reserved 1089536K
  class space    used 4544K, committed 4672K, reserved 1048576K
}
Event: 5.675 GC heap after
{Heap after GC invocations=13 (full 0):
 garbage-first heap   total 49152K, used 14093K [0x0000000743200000, 0x0000000800000000)
  region size 2048K, 2 young (4096K), 2 survivors (4096K)
 Metaspace       used 41080K, committed 41344K, reserved 1089536K
  class space    used 4544K, committed 4672K, reserved 1048576K
}
Event: 5.984 GC heap before
{Heap before GC invocations=13 (full 0):
 garbage-first heap   total 49152K, used 32525K [0x0000000743200000, 0x0000000800000000)
  region size 2048K, 12 young (24576K), 2 survivors (4096K)
 Metaspace       used 43998K, committed 44288K, reserved 1089536K
  class space    used 4840K, committed 4992K, reserved 1048576K
}
Event: 5.989 GC heap after
{Heap after GC invocations=14 (full 0):
 garbage-first heap   total 49152K, used 13898K [0x0000000743200000, 0x0000000800000000)
  region size 2048K, 1 young (2048K), 1 survivors (2048K)
 Metaspace       used 43998K, committed 44288K, reserved 1089536K
  class space    used 4840K, committed 4992K, reserved 1048576K
}
Event: 6.636 GC heap before
{Heap before GC invocations=14 (full 0):
 garbage-first heap   total 49152K, used 34378K [0x0000000743200000, 0x0000000800000000)
  region size 2048K, 11 young (22528K), 1 survivors (2048K)
 Metaspace       used 45665K, committed 46016K, reserved 1097728K
  class space    used 5019K, committed 5184K, reserved 1048576K
}
Event: 6.639 GC heap after
{Heap after GC invocations=15 (full 0):
 garbage-first heap   total 59392K, used 15414K [0x0000000743200000, 0x0000000800000000)
  region size 2048K, 2 young (4096K), 2 survivors (4096K)
 Metaspace       used 45665K, committed 46016K, reserved 1097728K
  class space    used 5019K, committed 5184K, reserved 1048576K
}
Event: 7.111 GC heap before
{Heap before GC invocations=15 (full 0):
 garbage-first heap   total 59392K, used 42038K [0x0000000743200000, 0x0000000800000000)
  region size 2048K, 15 young (30720K), 2 survivors (4096K)
 Metaspace       used 47569K, committed 47872K, reserved 1097728K
  class space    used 5265K, committed 5440K, reserved 1048576K
}
Event: 7.117 GC heap after
{Heap after GC invocations=16 (full 0):
 garbage-first heap   total 59392K, used 16829K [0x0000000743200000, 0x0000000800000000)
  region size 2048K, 2 young (4096K), 2 survivors (4096K)
 Metaspace       used 47569K, committed 47872K, reserved 1097728K
  class space    used 5265K, committed 5440K, reserved 1048576K
}
Event: 7.861 GC heap before
{Heap before GC invocations=16 (full 0):
 garbage-first heap   total 59392K, used 43453K [0x0000000743200000, 0x0000000800000000)
  region size 2048K, 15 young (30720K), 2 survivors (4096K)
 Metaspace       used 50606K, committed 50944K, reserved 1097728K
  class space    used 5651K, committed 5824K, reserved 1048576K
}
Event: 7.868 GC heap after
{Heap after GC invocations=17 (full 0):
 garbage-first heap   total 59392K, used 17861K [0x0000000743200000, 0x0000000800000000)
  region size 2048K, 2 young (4096K), 2 survivors (4096K)
 Metaspace       used 50606K, committed 50944K, reserved 1097728K
  class space    used 5651K, committed 5824K, reserved 1048576K
}
Event: 318.547 GC heap before
{Heap before GC invocations=17 (full 0):
 garbage-first heap   total 59392K, used 40389K [0x0000000743200000, 0x0000000800000000)
  region size 2048K, 14 young (28672K), 2 survivors (4096K)
 Metaspace       used 52095K, committed 52416K, reserved 1097728K
  class space    used 5766K, committed 5888K, reserved 1048576K
}
Event: 318.551 GC heap after
{Heap after GC invocations=18 (full 0):
 garbage-first heap   total 59392K, used 18096K [0x0000000743200000, 0x0000000800000000)
  region size 2048K, 1 young (2048K), 1 survivors (2048K)
 Metaspace       used 52095K, committed 52416K, reserved 1097728K
  class space    used 5766K, committed 5888K, reserved 1048576K
}

